<?xml version="1.0" encoding="UTF-8"?>
<testng-results ignored="0" total="2" passed="2" failed="0" skipped="0">
  <reporter-output>
  </reporter-output>
  <suite started-at="2023-05-12T11:16:17 IST" name="manipal testng suite" finished-at="2023-05-12T11:16:51 IST" duration-ms="33682">
    <groups>
    </groups>
    <test started-at="2023-05-12T11:16:17 IST" name="Functional  testing" finished-at="2023-05-12T11:16:51 IST" duration-ms="33682">
      <class name="org.example.orangeLogin">
        <test-method is-config="true" signature="setDriver()[pri:0, instance:org.example.orangeLogin@6e4784bc]" started-at="2023-05-12T11:16:17 IST" name="setDriver" finished-at="2023-05-12T11:16:33 IST" duration-ms="16027" status="PASS">
          <reporter-output>
          </reporter-output>
        </test-method> <!-- setDriver -->
        <test-method signature="login()[pri:0, instance:org.example.orangeLogin@6e4784bc]" started-at="2023-05-12T11:16:33 IST" name="login" finished-at="2023-05-12T11:16:35 IST" duration-ms="1768" status="PASS">
          <reporter-output>
          </reporter-output>
        </test-method> <!-- login -->
        <test-method is-config="true" signature="closeBrowser()[pri:0, instance:org.example.orangeLogin@6e4784bc]" started-at="2023-05-12T11:16:35 IST" name="closeBrowser" finished-at="2023-05-12T11:16:36 IST" duration-ms="367" status="PASS">
          <reporter-output>
          </reporter-output>
        </test-method> <!-- closeBrowser -->
      </class> <!-- org.example.orangeLogin -->
      <class name="org.example.TitlePage">
        <test-method is-config="true" signature="setDriver()[pri:0, instance:org.example.TitlePage@31c88ec8]" started-at="2023-05-12T11:16:36 IST" name="setDriver" finished-at="2023-05-12T11:16:51 IST" duration-ms="15192" status="PASS">
          <reporter-output>
          </reporter-output>
        </test-method> <!-- setDriver -->
        <test-method signature="titlefetch()[pri:0, instance:org.example.TitlePage@31c88ec8]" started-at="2023-05-12T11:16:51 IST" name="titlefetch" finished-at="2023-05-12T11:16:51 IST" duration-ms="13" status="PASS">
          <reporter-output>
          </reporter-output>
        </test-method> <!-- titlefetch -->
        <test-method is-config="true" signature="closeBrowser()[pri:0, instance:org.example.TitlePage@31c88ec8]" started-at="2023-05-12T11:16:51 IST" name="closeBrowser" finished-at="2023-05-12T11:16:51 IST" duration-ms="246" status="PASS">
          <reporter-output>
          </reporter-output>
        </test-method> <!-- closeBrowser -->
      </class> <!-- org.example.TitlePage -->
    </test> <!-- Functional  testing -->
  </suite> <!-- manipal testng suite -->
</testng-results>
